This is pdfTeX, Version 3.141592653-2.6-1.40.26 (MiKTeX 24.4) (preloaded format=pdflatex 2025.2.13)  8 MAY 2025 12:49
entering extended mode
 restricted \write18 enabled.
 file:line:error style messages enabled.
 %&-line parsing enabled.
**c:/Users/welma/HAX717X/HAX817X-Projet/text.tex
(c:/Users/welma/HAX717X/HAX817X-Projet/text.tex
LaTeX2e <2024-06-01> patch level 2
L3 programming layer <2024-08-30>
(C:\Users\welma\AppData\Local\Programs\MiKTeX\tex/latex/base\article.cls
Document Class: article 2024/02/08 v1.4n Standard LaTeX document class
(C:\Users\welma\AppData\Local\Programs\MiKTeX\tex/latex/base\size10.clo
File: size10.clo 2024/02/08 v1.4n Standard LaTeX file (size option)
)
\c@part=\count194
\c@section=\count195
\c@subsection=\count196
\c@subsubsection=\count197
\c@paragraph=\count198
\c@subparagraph=\count199
\c@figure=\count266
\c@table=\count267
\abovecaptionskip=\skip49
\belowcaptionskip=\skip50
\bibindent=\dimen141
) (C:\Users\welma\AppData\Local\Programs\MiKTeX\tex/latex/base\inputenc.sty
Package: inputenc 2024/02/08 v1.3d Input encoding file
\inpenc@prehook=\toks17
\inpenc@posthook=\toks18
) (C:\Users\welma\AppData\Local\Programs\MiKTeX\tex/generic/babel\babel.sty
Package: babel 2024/08/29 v24.9 The Babel package
\babel@savecnt=\count268
\U@D=\dimen142
\l@unhyphenated=\language79
 (C:\Users\welma\AppData\Local\Programs\MiKTeX\tex/generic/babel\txtbabel.def)
\bbl@readstream=\read2
\bbl@dirlevel=\count269

*************************************
* Local config file bblopts.cfg used
*
(C:\Users\welma\AppData\Local\Programs\MiKTeX\tex/latex/arabi\bblopts.cfg
File: bblopts.cfg 2005/09/08 v0.1 add Arabic and Farsi to "declared" options of babel
) (C:\Users\welma\AppData\Local\Programs\MiKTeX\tex/generic/babel-french\french.ldf
Language: french 2024-07-25 v3.6c French support from the babel system
Package babel Info: Hyphen rules for 'acadian' set to \l@french
(babel)             (\language22). Reported on input line 91.
Package babel Info: Hyphen rules for 'canadien' set to \l@french
(babel)             (\language22). Reported on input line 92.
\FB@stdchar=\count270
Package babel Info: Making : an active character on input line 421.
Package babel Info: Making ; an active character on input line 422.
Package babel Info: Making ! an active character on input line 423.
Package babel Info: Making ? an active character on input line 424.
\FBguill@level=\count271
\FBold@everypar=\toks19
\FB@Mht=\dimen143
\mc@charclass=\count272
\mc@charfam=\count273
\mc@charslot=\count274
\std@mcc=\count275
\dec@mcc=\count276
\FB@parskip=\dimen144
\listindentFB=\dimen145
\descindentFB=\dimen146
\labelindentFB=\dimen147
\labelwidthFB=\dimen148
\leftmarginFB=\dimen149
\parindentFFN=\dimen150
\FBfnindent=\dimen151
)) (C:\Users\welma\AppData\Local\Programs\MiKTeX\tex/generic/babel/locale/fr\babel-french.tex
Package babel Info: Importing font and identification data for french
(babel)             from babel-fr.ini. Reported on input line 11.
) (C:\Users\welma\AppData\Local\Programs\MiKTeX\tex/latex/carlisle\scalefnt.sty) (C:\Users\welma\AppData\Local\Programs\MiKTeX\tex/latex/geometry\geometry.sty
Package: geometry 2020/01/02 v5.9 Page Geometry
 (C:\Users\welma\AppData\Local\Programs\MiKTeX\tex/latex/graphics\keyval.sty
Package: keyval 2022/05/29 v1.15 key=value parser (DPC)
\KV@toks@=\toks20
) (C:\Users\welma\AppData\Local\Programs\MiKTeX\tex/generic/iftex\ifvtex.sty
Package: ifvtex 2019/10/25 v1.7 ifvtex legacy package. Use iftex instead.
 (C:\Users\welma\AppData\Local\Programs\MiKTeX\tex/generic/iftex\iftex.sty
Package: iftex 2022/02/03 v1.0f TeX engine tests
))
\Gm@cnth=\count277
\Gm@cntv=\count278
\c@Gm@tempcnt=\count279
\Gm@bindingoffset=\dimen152
\Gm@wd@mp=\dimen153
\Gm@odd@mp=\dimen154
\Gm@even@mp=\dimen155
\Gm@layoutwidth=\dimen156
\Gm@layoutheight=\dimen157
\Gm@layouthoffset=\dimen158
\Gm@layoutvoffset=\dimen159
\Gm@dimlist=\toks21
 (C:\Users\welma\AppData\Local\Programs\MiKTeX\tex/latex/geometry\geometry.cfg)) (C:\Users\welma\AppData\Local\Programs\MiKTeX\tex/latex/amsfonts\amssymb.sty
Package: amssymb 2013/01/14 v3.01 AMS font symbols
 (C:\Users\welma\AppData\Local\Programs\MiKTeX\tex/latex/amsfonts\amsfonts.sty
Package: amsfonts 2013/01/14 v3.01 Basic AMSFonts support
\@emptytoks=\toks22
\symAMSa=\mathgroup4
\symAMSb=\mathgroup5
LaTeX Font Info:    Redeclaring math symbol \hbar on input line 98.
LaTeX Font Info:    Overwriting math alphabet `\mathfrak' in version `bold'
(Font)                  U/euf/m/n --> U/euf/b/n on input line 106.
)) (C:\Users\welma\AppData\Local\Programs\MiKTeX\tex/latex/amsmath\amsmath.sty
Package: amsmath 2024/05/23 v2.17q AMS math features
\@mathmargin=\skip51

For additional information on amsmath, use the `?' option.
(C:\Users\welma\AppData\Local\Programs\MiKTeX\tex/latex/amsmath\amstext.sty
Package: amstext 2021/08/26 v2.01 AMS text
 (C:\Users\welma\AppData\Local\Programs\MiKTeX\tex/latex/amsmath\amsgen.sty
File: amsgen.sty 1999/11/30 v2.0 generic functions
\@emptytoks=\toks23
\ex@=\dimen160
)) (C:\Users\welma\AppData\Local\Programs\MiKTeX\tex/latex/amsmath\amsbsy.sty
Package: amsbsy 1999/11/29 v1.2d Bold Symbols
\pmbraise@=\dimen161
) (C:\Users\welma\AppData\Local\Programs\MiKTeX\tex/latex/amsmath\amsopn.sty
Package: amsopn 2022/04/08 v2.04 operator names
)
\inf@bad=\count280
LaTeX Info: Redefining \frac on input line 233.
\uproot@=\count281
\leftroot@=\count282
LaTeX Info: Redefining \overline on input line 398.
LaTeX Info: Redefining \colon on input line 409.
\classnum@=\count283
\DOTSCASE@=\count284
LaTeX Info: Redefining \ldots on input line 495.
LaTeX Info: Redefining \dots on input line 498.
LaTeX Info: Redefining \cdots on input line 619.
\Mathstrutbox@=\box52
\strutbox@=\box53
LaTeX Info: Redefining \big on input line 721.
LaTeX Info: Redefining \Big on input line 722.
LaTeX Info: Redefining \bigg on input line 723.
LaTeX Info: Redefining \Bigg on input line 724.
\big@size=\dimen162
LaTeX Font Info:    Redeclaring font encoding OML on input line 742.
LaTeX Font Info:    Redeclaring font encoding OMS on input line 743.
\macc@depth=\count285
LaTeX Info: Redefining \bmod on input line 904.
LaTeX Info: Redefining \pmod on input line 909.
LaTeX Info: Redefining \smash on input line 939.
LaTeX Info: Redefining \relbar on input line 969.
LaTeX Info: Redefining \Relbar on input line 970.
\c@MaxMatrixCols=\count286
\dotsspace@=\muskip17
\c@parentequation=\count287
\dspbrk@lvl=\count288
\tag@help=\toks24
\row@=\count289
\column@=\count290
\maxfields@=\count291
\andhelp@=\toks25
\eqnshift@=\dimen163
\alignsep@=\dimen164
\tagshift@=\dimen165
\tagwidth@=\dimen166
\totwidth@=\dimen167
\lineht@=\dimen168
\@envbody=\toks26
\multlinegap=\skip52
\multlinetaggap=\skip53
\mathdisplay@stack=\toks27
LaTeX Info: Redefining \[ on input line 2953.
LaTeX Info: Redefining \] on input line 2954.
) (C:\Users\welma\AppData\Local\Programs\MiKTeX\tex/latex/graphics\graphicx.sty
Package: graphicx 2021/09/16 v1.2d Enhanced LaTeX Graphics (DPC,SPQR)
 (C:\Users\welma\AppData\Local\Programs\MiKTeX\tex/latex/graphics\graphics.sty
Package: graphics 2024/05/23 v1.4g Standard LaTeX Graphics (DPC,SPQR)
 (C:\Users\welma\AppData\Local\Programs\MiKTeX\tex/latex/graphics\trig.sty
Package: trig 2023/12/02 v1.11 sin cos tan (DPC)
) (C:\Users\welma\AppData\Local\Programs\MiKTeX\tex/latex/graphics-cfg\graphics.cfg
File: graphics.cfg 2016/06/04 v1.11 sample graphics configuration
)
Package graphics Info: Driver file: pdftex.def on input line 106.
 (C:\Users\welma\AppData\Local\Programs\MiKTeX\tex/latex/graphics-def\pdftex.def
File: pdftex.def 2024/04/13 v1.2c Graphics/color driver for pdftex
))
\Gin@req@height=\dimen169
\Gin@req@width=\dimen170
) (C:\Users\welma\AppData\Local\Programs\MiKTeX\tex/latex/listings\listings.sty
\lst@mode=\count292
\lst@gtempboxa=\box54
\lst@token=\toks28
\lst@length=\count293
\lst@currlwidth=\dimen171
\lst@column=\count294
\lst@pos=\count295
\lst@lostspace=\dimen172
\lst@width=\dimen173
\lst@newlines=\count296
\lst@lineno=\count297
\lst@maxwidth=\dimen174
 (C:\Users\welma\AppData\Local\Programs\MiKTeX\tex/latex/listings\lstpatch.sty
File: lstpatch.sty 2024/05/25 1.10b (Carsten Heinz)
) (C:\Users\welma\AppData\Local\Programs\MiKTeX\tex/latex/listings\lstmisc.sty
File: lstmisc.sty 2024/05/25 1.10b (Carsten Heinz)
\c@lstnumber=\count298
\lst@skipnumbers=\count299
\lst@framebox=\box55
) (C:\Users\welma\AppData\Local\Programs\MiKTeX\tex/latex/listings\listings.cfg
File: listings.cfg 2024/05/25 1.10b listings configuration
))
Package: listings 2024/05/25 1.10b (Carsten Heinz)
 (C:\Users\welma\AppData\Local\Programs\MiKTeX\tex/latex/xcolor\xcolor.sty
Package: xcolor 2023/11/15 v3.01 LaTeX color extensions (UK)
 (C:\Users\welma\AppData\Local\Programs\MiKTeX\tex/latex/graphics-cfg\color.cfg
File: color.cfg 2016/01/02 v1.6 sample color configuration
)
Package xcolor Info: Driver file: pdftex.def on input line 274.
 (C:\Users\welma\AppData\Local\Programs\MiKTeX\tex/latex/graphics\mathcolor.ltx)
Package xcolor Info: Model `cmy' substituted by `cmy0' on input line 1350.
Package xcolor Info: Model `hsb' substituted by `rgb' on input line 1354.
Package xcolor Info: Model `RGB' extended on input line 1366.
Package xcolor Info: Model `HTML' substituted by `rgb' on input line 1368.
Package xcolor Info: Model `Hsb' substituted by `hsb' on input line 1369.
Package xcolor Info: Model `tHsb' substituted by `hsb' on input line 1370.
Package xcolor Info: Model `HSB' substituted by `hsb' on input line 1371.
Package xcolor Info: Model `Gray' substituted by `gray' on input line 1372.
Package xcolor Info: Model `wave' substituted by `hsb' on input line 1373.
) (C:\Users\welma\AppData\Local\Programs\MiKTeX\tex/latex/comment\comment.sty
\CommentStream=\write3
 Excluding comment 'comment') (C:\Users\welma\AppData\Local\Programs\MiKTeX\tex/latex/float\float.sty
Package: float 2001/11/08 v1.3d Float enhancements (AL)
\c@float@type=\count300
\float@exts=\toks29
\float@box=\box56
\@float@everytoks=\toks30
\@floatcapt=\box57
) (C:\Users\welma\AppData\Local\Programs\MiKTeX\tex/latex/amscls\amsthm.sty
Package: amsthm 2020/05/29 v2.20.6
\thm@style=\toks31
\thm@bodyfont=\toks32
\thm@headfont=\toks33
\thm@notefont=\toks34
\thm@headpunct=\toks35
\thm@preskip=\skip54
\thm@postskip=\skip55
\thm@headsep=\skip56
\dth@everypar=\toks36
)
\c@definition=\count301
 (C:\Users\welma\AppData\Local\Programs\MiKTeX\tex/latex/listings\lstlang1.sty
File: lstlang1.sty 2024/05/25 1.10b listings language file
) (C:\Users\welma\AppData\Local\Programs\MiKTeX\tex/latex/listings\lstlang2.sty
File: lstlang2.sty 2024/05/25 1.10b listings language file
) (C:\Users\welma\AppData\Local\Programs\MiKTeX\tex/latex/listings\lstlang3.sty
File: lstlang3.sty 2024/05/25 1.10b listings language file
) (C:\Users\welma\AppData\Local\Programs\MiKTeX\tex/latex/l3backend\l3backend-pdftex.def
File: l3backend-pdftex.def 2024-05-08 L3 backend support: PDF output (pdfTeX)
\l__color_backend_stack_int=\count302
\l__pdf_internal_box=\box58
) (text.aux)
\openout1 = `text.aux'.

LaTeX Font Info:    Checking defaults for OML/cmm/m/it on input line 55.
LaTeX Font Info:    ... okay on input line 55.
LaTeX Font Info:    Checking defaults for OMS/cmsy/m/n on input line 55.
LaTeX Font Info:    ... okay on input line 55.
LaTeX Font Info:    Checking defaults for OT1/cmr/m/n on input line 55.
LaTeX Font Info:    ... okay on input line 55.
LaTeX Font Info:    Checking defaults for T1/cmr/m/n on input line 55.
LaTeX Font Info:    ... okay on input line 55.
LaTeX Font Info:    Checking defaults for TS1/cmr/m/n on input line 55.
LaTeX Font Info:    ... okay on input line 55.
LaTeX Font Info:    Checking defaults for OMX/cmex/m/n on input line 55.
LaTeX Font Info:    ... okay on input line 55.
LaTeX Font Info:    Checking defaults for U/cmr/m/n on input line 55.
LaTeX Font Info:    ... okay on input line 55.
LaTeX Info: Redefining \degres on input line 55.
LaTeX Info: Redefining \up on input line 55.


Package french.ldf Warning: OT1 encoding should not be used for French.
(french.ldf)                Add \usepackage[T1]{fontenc} to the preamble
(french.ldf)                of your document; reported on input line 55.

*geometry* driver: auto-detecting
*geometry* detected driver: pdftex
*geometry* verbose mode - [ preamble ] result:
* driver: pdftex
* paper: a4paper
* layout: <same size as paper>
* layoutoffset:(h,v)=(0.0pt,0.0pt)
* modes: 
* h-part:(L,W,R)=(56.9055pt, 483.69687pt, 56.9055pt)
* v-part:(T,H,B)=(71.13188pt, 702.78308pt, 71.13188pt)
* \paperwidth=597.50787pt
* \paperheight=845.04684pt
* \textwidth=483.69687pt
* \textheight=702.78308pt
* \oddsidemargin=-15.36449pt
* \evensidemargin=-15.36449pt
* \topmargin=-38.1381pt
* \headheight=12.0pt
* \headsep=25.0pt
* \topskip=10.0pt
* \footskip=30.0pt
* \marginparwidth=65.0pt
* \marginparsep=11.0pt
* \columnsep=10.0pt
* \skip\footins=9.0pt plus 4.0pt minus 2.0pt
* \hoffset=0.0pt
* \voffset=0.0pt
* \mag=1000
* \@twocolumnfalse
* \@twosidefalse
* \@mparswitchfalse
* \@reversemarginfalse
* (1in=72.27pt=25.4mm, 1cm=28.453pt)

(C:\Users\welma\AppData\Local\Programs\MiKTeX\tex/context/base/mkii\supp-pdf.mkii
[Loading MPS to PDF converter (version 2006.09.02).]
\scratchcounter=\count303
\scratchdimen=\dimen175
\scratchbox=\box59
\nofMPsegments=\count304
\nofMParguments=\count305
\everyMPshowfont=\toks37
\MPscratchCnt=\count306
\MPscratchDim=\dimen176
\MPnumerator=\count307
\makeMPintoPDFobject=\count308
\everyMPtoPDFconversion=\toks38
) (C:\Users\welma\AppData\Local\Programs\MiKTeX\tex/latex/epstopdf-pkg\epstopdf-base.sty
Package: epstopdf-base 2020-01-24 v2.11 Base part for package epstopdf
Package epstopdf-base Info: Redefining graphics rule for `.eps' on input line 485.
 (C:\Users\welma\AppData\Local\Programs\MiKTeX\tex/latex/00miktex\epstopdf-sys.cfg
File: epstopdf-sys.cfg 2021/03/18 v2.0 Configuration of epstopdf for MiKTeX
))
\c@lstlisting=\count309
LaTeX Font Info:    Trying to load font information for U+msa on input line 57.
 (C:\Users\welma\AppData\Local\Programs\MiKTeX\tex/latex/amsfonts\umsa.fd
File: umsa.fd 2013/01/14 v3.01 AMS symbols A
)
LaTeX Font Info:    Trying to load font information for U+msb on input line 57.
 (C:\Users\welma\AppData\Local\Programs\MiKTeX\tex/latex/amsfonts\umsb.fd
File: umsb.fd 2013/01/14 v3.01 AMS symbols B
)

[1

{C:/Users/welma/AppData/Local/MiKTeX/fonts/map/pdftex/pdftex.map}] (text.toc)
\tf@toc=\write4
\openout4 = `text.toc'.



[2]
Underfull \hbox (badness 10000) in paragraph at lines 83--89

 []


Underfull \hbox (badness 10000) in paragraph at lines 102--113

 []


Underfull \hbox (badness 10000) in paragraph at lines 102--113

 []


Underfull \hbox (badness 10000) in paragraph at lines 102--113

 []


Underfull \hbox (badness 10000) in paragraph at lines 102--113

 []



[3]
Underfull \hbox (badness 10000) in paragraph at lines 124--128

 []


Underfull \hbox (badness 10000) in paragraph at lines 148--155

 []


Underfull \hbox (badness 10000) in paragraph at lines 148--155

 []


Underfull \hbox (badness 10000) in paragraph at lines 211--214

 []


Underfull \hbox (badness 10000) in paragraph at lines 211--214

 []



[4]
Underfull \hbox (badness 10000) in paragraph at lines 229--234

 []


Underfull \hbox (badness 10000) in paragraph at lines 229--234

 []


Underfull \hbox (badness 10000) in paragraph at lines 242--247

 []


Underfull \hbox (badness 10000) in paragraph at lines 255--263

 []


Underfull \hbox (badness 10000) in paragraph at lines 280--285

 []


Underfull \hbox (badness 10000) in paragraph at lines 280--285

 []



[5]
Underfull \hbox (badness 10000) in paragraph at lines 302--313

 []


Underfull \hbox (badness 10000) in paragraph at lines 302--313

 []


Underfull \hbox (badness 10000) in paragraph at lines 302--313

 []


Underfull \hbox (badness 10000) in paragraph at lines 325--346

 []


Underfull \hbox (badness 10000) in paragraph at lines 325--346

 []


Underfull \hbox (badness 10000) in paragraph at lines 325--346

 []


Underfull \hbox (badness 10000) in paragraph at lines 325--346

 []


Underfull \hbox (badness 10000) in paragraph at lines 325--346

 []



[6]
Underfull \hbox (badness 10000) in paragraph at lines 360--364

 []


Underfull \hbox (badness 10000) in paragraph at lines 365--367

 []



[7]
<./images/Max_Uniforme.png, id=43, 460.72125pt x 281.55188pt>
File: ./images/Max_Uniforme.png Graphic file (type png)
<use ./images/Max_Uniforme.png>
Package pdftex.def Info: ./images/Max_Uniforme.png  used on input line 437.
(pdftex.def)             Requested size: 368.5775pt x 225.24179pt.


[8 <./images/Max_Uniforme.png>]
<./images/Max_Expo.png, id=48, 460.72125pt x 281.55188pt>
File: ./images/Max_Expo.png Graphic file (type png)
<use ./images/Max_Expo.png>
Package pdftex.def Info: ./images/Max_Expo.png  used on input line 446.
(pdftex.def)             Requested size: 368.5775pt x 225.24179pt.
<./images/Max_Normale.png, id=49, 460.72125pt x 281.55188pt>
File: ./images/Max_Normale.png Graphic file (type png)
<use ./images/Max_Normale.png>
Package pdftex.def Info: ./images/Max_Normale.png  used on input line 456.
(pdftex.def)             Requested size: 368.5775pt x 225.24179pt.
<./images/Max_Cauchy.png, id=50, 460.72125pt x 281.55188pt>
File: ./images/Max_Cauchy.png Graphic file (type png)
<use ./images/Max_Cauchy.png>
Package pdftex.def Info: ./images/Max_Cauchy.png  used on input line 466.
(pdftex.def)             Requested size: 368.5775pt x 225.24179pt.


[9 <./images/Max_Expo.png> <./images/Max_Normale.png>]

[10 <./images/Max_Cauchy.png>]
Underfull \hbox (badness 10000) in paragraph at lines 474--476

 []



[11]
<./images/pareto.png, id=64, 646.21425pt x 513.117pt>
File: ./images/pareto.png Graphic file (type png)
<use ./images/pareto.png>
Package pdftex.def Info: ./images/pareto.png  used on input line 549.
(pdftex.def)             Requested size: 386.95897pt x 307.2697pt.
<./images/exponentielle.png, id=66, 645.00975pt x 506.49225pt>
File: ./images/exponentielle.png Graphic file (type png)
<use ./images/exponentielle.png>
Package pdftex.def Info: ./images/exponentielle.png  used on input line 560.
(pdftex.def)             Requested size: 386.95897pt x 303.85905pt.


[12 <./images/pareto.png>]
<./images/uniforme.png, id=72, 643.203pt x 507.0945pt>
File: ./images/uniforme.png Graphic file (type png)
<use ./images/uniforme.png>
Package pdftex.def Info: ./images/uniforme.png  used on input line 570.
(pdftex.def)             Requested size: 386.95897pt x 305.07922pt.


[13 <./images/exponentielle.png>]
<./images/cauchy.png, id=78, 642.60075pt x 507.0945pt>
File: ./images/cauchy.png Graphic file (type png)
<use ./images/cauchy.png>
Package pdftex.def Info: ./images/cauchy.png  used on input line 581.
(pdftex.def)             Requested size: 386.95897pt x 305.35777pt.


[14 <./images/uniforme.png>]

[15 <./images/cauchy.png>]
Underfull \hbox (badness 10000) in paragraph at lines 618--620

 []



[16]

[17]
<./images/hill_pareto.png, id=93, 563.10374pt x 449.88075pt>
File: ./images/hill_pareto.png Graphic file (type png)
<use ./images/hill_pareto.png>
Package pdftex.def Info: ./images/hill_pareto.png  used on input line 764.
(pdftex.def)             Requested size: 290.22107pt x 231.86623pt.
<./images/hill_expo.png, id=94, 561.297pt x 444.4605pt>
File: ./images/hill_expo.png Graphic file (type png)
<use ./images/hill_expo.png>
Package pdftex.def Info: ./images/hill_expo.png  used on input line 772.
(pdftex.def)             Requested size: 290.22107pt x 229.81187pt.


[18 <./images/hill_pareto.png>]
<./images/hill_uniforme.png, id=99, 558.28575pt x 443.256pt>
File: ./images/hill_uniforme.png Graphic file (type png)
<use ./images/hill_uniforme.png>
Package pdftex.def Info: ./images/hill_uniforme.png  used on input line 780.
(pdftex.def)             Requested size: 290.22107pt x 230.42004pt.
<./images/hill_cauchy.png, id=100, 555.87675pt x 437.83575pt>
File: ./images/hill_cauchy.png Graphic file (type png)
<use ./images/hill_cauchy.png>
Package pdftex.def Info: ./images/hill_cauchy.png  used on input line 788.
(pdftex.def)             Requested size: 290.22107pt x 228.59117pt.


[19 <./images/hill_expo.png> <./images/hill_uniforme.png>]
Underfull \hbox (badness 10000) in paragraph at lines 811--813

 []


Underfull \hbox (badness 10000) in paragraph at lines 814--817

 []



[20 <./images/hill_cauchy.png>]

[21]

[22]
Underfull \hbox (badness 10000) in paragraph at lines 907--913

 []

<./images/rainhisto.png, id=117, 515.526pt x 364.79143pt>
File: ./images/rainhisto.png Graphic file (type png)
<use ./images/rainhisto.png>
Package pdftex.def Info: ./images/rainhisto.png  used on input line 915.
(pdftex.def)             Requested size: 360.86574pt x 255.35225pt.
<./images/sinistres.png, id=118, 465.99094pt x 299.61937pt>
File: ./images/sinistres.png Graphic file (type png)
<use ./images/sinistres.png>
Package pdftex.def Info: ./images/sinistres.png  used on input line 923.
(pdftex.def)             Requested size: 326.19142pt x 209.73212pt.

Underfull \hbox (badness 10000) in paragraph at lines 932--943

 []


Underfull \hbox (badness 10000) in paragraph at lines 932--943

 []



[23 <./images/rainhisto.png (PNG copy)> <./images/sinistres.png (PNG copy)>]
Underfull \hbox (badness 10000) in paragraph at lines 944--952

 []


Underfull \hbox (badness 10000) in paragraph at lines 944--952

 []


Underfull \hbox (badness 10000) in paragraph at lines 964--987

 []


Underfull \hbox (badness 10000) in paragraph at lines 964--987

 []


Underfull \hbox (badness 10000) in paragraph at lines 964--987

 []


Underfull \hbox (badness 10000) in paragraph at lines 964--987

 []


Underfull \hbox (badness 10000) in paragraph at lines 990--996

 []



[24]
<./images/danishsad.png, id=125, 465.99094pt x 299.61937pt>
File: ./images/danishsad.png Graphic file (type png)
<use ./images/danishsad.png>
Package pdftex.def Info: ./images/danishsad.png  used on input line 998.
(pdftex.def)             Requested size: 326.19142pt x 209.73212pt.


[25 <./images/danishsad.png (PNG copy)>]
Underfull \hbox (badness 10000) in paragraph at lines 1017--1018

 []


Underfull \hbox (badness 10000) in paragraph at lines 1031--1032

 []

LaTeX Font Info:    Trying to load font information for TS1+cmtt on input line 1072.
(C:\Users\welma\AppData\Local\Programs\MiKTeX\tex/latex/base\ts1cmtt.fd
File: ts1cmtt.fd 2023/04/13 v2.5m Standard LaTeX font definitions
)

[26]

[27]

[28] (text.aux)
 ***********
LaTeX2e <2024-06-01> patch level 2
L3 programming layer <2024-08-30>
 ***********
 ) 
Here is how much of TeX's memory you used:
 8386 strings out of 473899
 129191 string characters out of 5726500
 1115414 words of memory out of 5000000
 31160 multiletter control sequences out of 15000+600000
 570058 words of font info for 82 fonts, out of 8000000 for 9000
 1141 hyphenation exceptions out of 8191
 57i,13n,65p,628b,1829s stack positions out of 10000i,1000n,20000p,200000b,200000s
 <C:\Users\welma\AppData\Local\MiKTeX\fonts/pk/ljfour/jknappen/ec/dpi600\tctt0800.pk><C:/Users/welma/AppData/Local/Programs/MiKTeX/fonts/type1/public/amsfonts/cm/cmbx10.pfb><C:/Users/welma/AppData/Local/Programs/MiKTeX/fonts/type1/public/amsfonts/cm/cmbx12.pfb><C:/Users/welma/AppData/Local/Programs/MiKTeX/fonts/type1/public/amsfonts/cm/cmbxti10.pfb><C:/Users/welma/AppData/Local/Programs/MiKTeX/fonts/type1/public/amsfonts/cm/cmcsc10.pfb><C:/Users/welma/AppData/Local/Programs/MiKTeX/fonts/type1/public/amsfonts/cm/cmex10.pfb><C:/Users/welma/AppData/Local/Programs/MiKTeX/fonts/type1/public/amsfonts/cm/cmmi10.pfb><C:/Users/welma/AppData/Local/Programs/MiKTeX/fonts/type1/public/amsfonts/cm/cmmi12.pfb><C:/Users/welma/AppData/Local/Programs/MiKTeX/fonts/type1/public/amsfonts/cm/cmmi5.pfb><C:/Users/welma/AppData/Local/Programs/MiKTeX/fonts/type1/public/amsfonts/cm/cmmi7.pfb><C:/Users/welma/AppData/Local/Programs/MiKTeX/fonts/type1/public/amsfonts/cm/cmmi8.pfb><C:/Users/welma/AppData/Local/Programs/MiKTeX/fonts/type1/public/amsfonts/cm/cmr10.pfb><C:/Users/welma/AppData/Local/Programs/MiKTeX/fonts/type1/public/amsfonts/cm/cmr12.pfb><C:/Users/welma/AppData/Local/Programs/MiKTeX/fonts/type1/public/amsfonts/cm/cmr17.pfb><C:/Users/welma/AppData/Local/Programs/MiKTeX/fonts/type1/public/amsfonts/cm/cmr5.pfb><C:/Users/welma/AppData/Local/Programs/MiKTeX/fonts/type1/public/amsfonts/cm/cmr7.pfb><C:/Users/welma/AppData/Local/Programs/MiKTeX/fonts/type1/public/amsfonts/cm/cmsy10.pfb><C:/Users/welma/AppData/Local/Programs/MiKTeX/fonts/type1/public/amsfonts/cm/cmsy5.pfb><C:/Users/welma/AppData/Local/Programs/MiKTeX/fonts/type1/public/amsfonts/cm/cmsy7.pfb><C:/Users/welma/AppData/Local/Programs/MiKTeX/fonts/type1/public/amsfonts/cm/cmti10.pfb><C:/Users/welma/AppData/Local/Programs/MiKTeX/fonts/type1/public/amsfonts/cm/cmtt8.pfb><C:/Users/welma/AppData/Local/Programs/MiKTeX/fonts/type1/public/amsfonts/symbols/msbm10.pfb><C:/Users/welma/AppData/Local/Programs/MiKTeX/fonts/type1/public/amsfonts/symbols/msbm7.pfb>
Output written on text.pdf (28 pages, 807200 bytes).
PDF statistics:
 235 PDF objects out of 1000 (max. 8388607)
 0 named destinations out of 1000 (max. 500000)
 76 words of extra memory for PDF output out of 10000 (max. 10000000)

