\BOOKMARK [1][-]{section.1}{\376\377\000I\000n\000t\000r\000o\000d\000u\000c\000t\000i\000o\000n}{}% 1
\BOOKMARK [1][-]{section.2}{\376\377\000C\000o\000m\000p\000o\000r\000t\000e\000m\000e\000n\000t\000\040\000a\000s\000y\000m\000p\000t\000o\000t\000i\000q\000u\000e\000\040\000d\000e\000\040\000M\000n}{}% 2
\BOOKMARK [2][-]{subsection.2.1}{\376\377\000C\000a\000r\000a\000c\000t\000\351\000r\000i\000s\000a\000t\000i\000o\000n\000\040\000a\000v\000e\000c\000\040\000l\000a\000\040\000f\000o\000n\000c\000t\000i\000o\000n\000\040\000d\000e\000\040\000r\000\351\000p\000a\000r\000t\000i\000t\000i\000o\000n}{section.2}% 3
\BOOKMARK [2][-]{subsection.2.2}{\376\377\000L\000e\000\040\000p\000a\000r\000a\000m\000\350\000t\000r\000e\000\040\000b\000n}{section.2}% 4
\BOOKMARK [2][-]{subsection.2.3}{\376\377\000L\000e\000\040\000p\000a\000r\000a\000m\000\350\000t\000r\000e\000\040\000a\000n}{section.2}% 5
\BOOKMARK [2][-]{subsection.2.4}{\376\377\000L\000e\000s\000\040\000l\000o\000i\000s\000\040\000l\000i\000m\000i\000t\000e\000s}{section.2}% 6
\BOOKMARK [2][-]{subsection.2.5}{\376\377\000R\000\351\000s\000u\000m\000\351}{section.2}% 7
\BOOKMARK [1][-]{section.3}{\376\377\000Q\000u\000e\000l\000q\000u\000e\000s\000\040\000e\000x\000e\000m\000p\000l\000e\000s\000\040\000n\000u\000m\000\351\000r\000i\000q\000u\000e\000s}{}% 8
\BOOKMARK [2][-]{subsubsection.3.0.1}{\376\377\000L\000o\000i\000\040\000u\000n\000i\000f\000o\000r\000m\000e}{section.3}% 9
\BOOKMARK [3][-]{subsubsection.3.0.2}{\376\377\000L\000o\000i\000\040\000e\000x\000p\000o\000n\000e\000n\000t\000i\000e\000l\000l\000e}{subsubsection.3.0.1}% 10
\BOOKMARK [3][-]{subsubsection.3.0.3}{\376\377\000L\000o\000i\000\040\000n\000o\000r\000m\000a\000l\000e}{subsubsection.3.0.1}% 11
\BOOKMARK [3][-]{subsubsection.3.0.4}{\376\377\000L\000o\000i\000\040\000d\000e\000\040\000C\000a\000u\000c\000h\000y}{subsubsection.3.0.1}% 12
\BOOKMARK [1][-]{section.4}{\376\377\000M\000\351\000t\000h\000o\000d\000e\000s\000\040\000d\000'\000e\000s\000t\000i\000m\000a\000t\000i\000o\000n\000\040\000d\000e\000\040\000l\000'\000i\000n\000d\000i\000c\000e\000\040\000d\000e\000\040\000v\000a\000l\000e\000u\000r\000s\000\040\000e\000x\000t\000r\000\352\000m\000e\000s}{}% 13
\BOOKMARK [2][-]{subsection.4.1}{\376\377\000E\000s\000t\000i\000m\000a\000t\000e\000u\000r\000\040\000d\000e\000\040\000P\000i\000c\000k\000a\000n\000d\000s}{section.4}% 14
\BOOKMARK [3][-]{subsubsection.4.1.1}{\376\377\000C\000o\000n\000s\000t\000r\000u\000c\000t\000i\000o\000n\000\040\000d\000e\000\040\000l\000'\000e\000s\000t\000i\000m\000a\000t\000e\000u\000r\000\040\000d\000e\000\040\000P\000i\000c\000k\000a\000n\000d\000s}{subsection.4.1}% 15
\BOOKMARK [3][-]{subsubsection.4.1.2}{\376\377\000R\000e\000p\000r\000\351\000s\000e\000n\000t\000a\000t\000i\000o\000n\000\040\000g\000r\000a\000p\000h\000i\000q\000u\000e\000\040\000d\000e\000\040\000l\040\031\000e\000s\000t\000i\000m\000a\000t\000e\000u\000r\000\040\000d\000e\000\040\000P\000i\000c\000k\000a\000n\000d\000s}{subsection.4.1}% 16
\BOOKMARK [2][-]{subsection.4.2}{\376\377\000E\000s\000t\000i\000m\000a\000t\000e\000u\000r\000\040\000d\000e\000\040\000H\000i\000l\000l}{section.4}% 17
\BOOKMARK [3][-]{subsubsection.4.2.1}{\376\377\000L\000a\000\040\000c\000o\000n\000s\000t\000r\000u\000c\000t\000i\000o\000n\000\040\000d\000e\000\040\000l\040\031\000e\000s\000t\000i\000m\000a\000t\000e\000u\000r\000\040\000d\000e\000\040\000H\000i\000l\000l}{subsection.4.2}% 18
\BOOKMARK [3][-]{subsubsection.4.2.2}{\376\377\000C\000o\000m\000p\000o\000r\000t\000e\000m\000e\000n\000t\000\040\000e\000m\000p\000i\000r\000i\000q\000u\000e\000\040\000d\000e\000\040\000l\040\031\000e\000s\000t\000i\000m\000a\000t\000e\000u\000r\000\040\000d\000e\000\040\000H\000i\000l\000l}{subsection.4.2}% 19
\BOOKMARK [1][-]{section.5}{\376\377\000M\000\351\000t\000h\000o\000d\000e\000\040\000d\000e\000s\000\040\000m\000a\000x\000i\000m\000a\000\040\000p\000a\000r\000\040\000b\000l\000o\000c\000s}{}% 20
\BOOKMARK [2][-]{subsection.5.1}{\376\377\000Q\000u\000a\000n\000t\000i\000l\000e\000\040\000d\000e\000\040\000r\000e\000t\000o\000u\000r}{section.5}% 21
\BOOKMARK [1][-]{section.6}{\376\377\000M\000\351\000t\000h\000o\000d\000e\000\040\000d\000e\000s\000\040\000e\000x\000c\000\350\000s}{}% 22
\BOOKMARK [1][-]{section.7}{\376\377\000A\000p\000p\000l\000i\000c\000a\000t\000i\000o\000n\000\040\000s\000u\000r\000\040\000d\000e\000s\000\040\000d\000o\000n\000n\000\351\000e\000s\000\040\000r\000\351\000e\000l\000l\000e\000s}{}% 23
\BOOKMARK [2][-]{subsection.7.1}{\376\377\000D\000e\000s\000c\000r\000i\000p\000t\000i\000o\000n\000\040\000d\000e\000s\000\040\000d\000o\000n\000n\000\351\000e\000s}{section.7}% 24
\BOOKMARK [2][-]{subsection.7.2}{\376\377\000M\000\351\000t\000h\000o\000d\000e\000\040\000d\000e\000s\000\040\000m\000a\000x\000i\000m\000a\000\040\000p\000a\000r\000\040\000b\000l\000o\000c}{section.7}% 25
\BOOKMARK [3][-]{subsubsection.7.2.1}{\376\377\000A\000p\000p\000l\000i\000c\000a\000t\000i\000o\000n\000\040\000s\000u\000r\000\040\000l\000e\000s\000\040\000d\000o\000n\000n\000\351\000e\000s\000\040\000d\000e\000\040\000R\000a\000i\000n}{subsection.7.2}% 26
\BOOKMARK [3][-]{subsubsection.7.2.2}{\376\377\000A\000p\000p\000l\000i\000c\000a\000t\000i\000o\000n\000\040\000s\000u\000r\000\040\000l\000e\000s\000\040\000d\000o\000n\000n\000\351\000e\000s\000\040\000d\000a\000n\000i\000s\000h}{subsection.7.2}% 27
\BOOKMARK [3][-]{subsubsection.7.2.3}{\376\377\000S\000y\000n\000t\000h\000\350\000s\000e\000\040\000s\000u\000r\000\040\000l\000a\000\040\000m\000\351\000t\000h\000o\000d\000e\000\040\000d\000e\000s\000\040\000m\000a\000x\000i\000m\000a\000\040\000e\000n\000\040\000b\000l\000o\000c}{subsection.7.2}% 28
\BOOKMARK [2][-]{subsection.7.3}{\376\377\000M\000\351\000t\000h\000o\000d\000e\000\040\000d\000e\000\040\000d\000\351\000p\000a\000s\000s\000e\000m\000e\000n\000t\000\040\000d\000e\000\040\000s\000e\000u\000i\000l}{section.7}% 29
\BOOKMARK [3][-]{subsubsection.7.3.1}{\376\377\000A\000p\000p\000l\000i\000c\000a\000t\000i\000o\000n\000\040\000s\000u\000r\000\040\000l\000e\000s\000\040\000d\000o\000n\000n\000\351\000e\000s\000\040\000d\000e\000\040\000R\000a\000i\000n}{subsection.7.3}% 30
\BOOKMARK [3][-]{subsubsection.7.3.2}{\376\377\000A\000p\000p\000l\000i\000c\000a\000t\000i\000o\000n\000\040\000s\000u\000r\000\040\000l\000e\000s\000\040\000d\000o\000n\000n\000\351\000e\000s\000\040\000d\000a\000n\000i\000s\000h}{subsection.7.3}% 31
\BOOKMARK [3][-]{subsubsection.7.3.3}{\376\377\000S\000y\000n\000t\000h\000\350\000s\000e\000\040\000s\000u\000r\000\040\000l\000a\000\040\000m\000\351\000t\000h\000o\000d\000e\000\040\000d\000e\000\040\000d\000\351\000p\000a\000s\000s\000e\000m\000e\000n\000t\000\040\000d\000e\000\040\000s\000e\000u\000i\000l}{subsection.7.3}% 32
\BOOKMARK [1][-]{section.8}{\376\377\000C\000o\000n\000c\000l\000u\000s\000i\000o\000n}{}% 33
\BOOKMARK [1][-]{section.9}{\376\377\000A\000n\000n\000e\000x\000e}{}% 34
\BOOKMARK [2][-]{subsection.9.1}{\376\377\000Q\000u\000e\000l\000q\000u\000e\000s\000\040\000s\000i\000m\000u\000l\000a\000t\000i\000o\000n\000s\000\040\000p\000o\000u\000r\000\040\000l\000e\000s\000\040\000m\000\351\000t\000h\000o\000d\000e\000s\000\040\000d\000e\000\040\000m\000a\000x\000i\000m\000a\000\040\000p\000a\000r\000\040\000b\000l\000o\000c\000s\000\040\000e\000t\000\040\000d\000\351\000p\000a\000s\000s\000e\000m\000e\000n\000t\000\040\000d\000e\000\040\000s\000e\000u\000i\000l}{section.9}% 35
\BOOKMARK [3][-]{subsubsection.9.1.1}{\376\377\000M\000a\000x\000i\000m\000a\000\040\000p\000a\000r\000\040\000b\000l\000o\000c\000s}{subsection.9.1}% 36
\BOOKMARK [3][-]{subsubsection.9.1.2}{\376\377\000D\000\351\000p\000a\000s\000s\000e\000m\000e\000n\000t\000s\000\040\000d\000e\000\040\000s\000e\000u\000i\000l}{subsection.9.1}% 37
\BOOKMARK [2][-]{subsection.9.2}{\376\377\000C\000o\000d\000e\000s\000\040\000R}{section.9}% 38
